любовь нежность страсть любовный печаль нелюбовь полюбить любящий счастие ревность грусть радость романтический романтичность мечтательность
ненависть ненавистник вражда ненавистница зависть неприязнь унижение ненавистнический человеконенавистничество нетерпимость человеконенавистник рознь враждебность ненавистный женоненавистничество
положительный отрицательный положительно позитивный позитивность отрицатель отрицательно ложноположительный негативный отзыв позитивно одобрительный отклик неоднозначный рецензия
отрицательный положительный отрицатель отрицательно негативный положительно ложноположительный позитивность позитивный неоднозначный несущественный наоборот нулевой понижательный восклицательный
хороший плохой неплохой хорошеть многообещающий номинация отличный превосходный посредственный худой приз прекрасный достойный номинировать неталантливый
плохой хороший неудовлетворительный неудовлетворительность неважный худой слабый хорошеть скверный неплохой ухудшение ухудшать неблагоприятный удовлетворительный нехороший
тяньаньмэнь хронология цивилизация катаклизм оползень событие цунами глобальный землетрясение коллизия повторение возникновение тойнби предсказание хаксли
фронтиспис голос интерпретация исполый глазастый генеалогический иератический лучизм гипертекст иконографический эклектичный целан праймер наслаиваться слитный
макетный аванпроект гиперзвуковой многоцелевой дооснащение космоплан брэо радиоэлектронный робототехнический противорадиолокационный перехватчик твердотопливный разработка аэроспейс многоразовый
переговорщик подтвердить проинформировать разведслужба спецпредставитель отрицать непричастность развединформация хабурдзание переговоры высокопоставленный опровергать непричастный разведка спецслужба
бойкотировать бойкот переголосование нелегитимный запрет переголосовать бойкотироваться запротестовать резолюция пикетирование митинг пикетировать референдум односторонний протестовать
компания инвесткомпания девелоперский убыточно вложиться рекламодатель инвестор сервис инвест владелец инвестмент девелопер дистрибуторский инвестировать риэлторский
разминка выругаться болельщик подраться потолкаться освистывать матч болельщица встреча переигрывать перекрикивать посвистывать перепалка флешмоб фанат
бетонирование электропогрузчик компрессорный буровзрывной металлоконструкция элеваторный садочный автогенный газовоздушный электроподстанция электроподогрев лакокрасочный окрасочный электропровод шиферный
товаропоток многосторонний трансграничный надгосударственный разграничение интеграционный гармонизация внутрирегиональный хозяйствование интенсификация межправительственный взаимоувязанный диверсификация разграничительный государствообразующий
авиапассажир каталожный опубликование ретейлер регистрационный официальный биллборд рассылка данные рассылаться новостной подарочный сопроводитель посылочный поддельный
подельница несудимый полугодовалый потерпевший перевезти арестовать иждивение арест двухгодовалый неуплата владелица этапировать тюремный трехгодовалый тюрьма
нападать хозяин выменять ворот гол дефенс латифундия выменивать плантатор спортинг забивать астон форвард клуб ссужать
торжественно чествовать бессменный торжественный деятель чествование ознаменование бессменно монументалист госфилармония празднование руководить дворец резиденция возглавитель
переедание переедать клейкость клейковина потребляться изжога высококалорийный ожиреть спорынья метеоризм калорийный потребление микроэлемент ломкость ожирение
минэнерго минтопэнерго энерготариф тариф инвестпрограмма минтранс минэкономразвития финансы нафтогаз министр госбюджет фрадков силуанов яценюк минэкономики
боец тыловой засылать камуфлировать ополченческий солдат эсэсовский боевик дап камуфляж каратель пыточный засылаться врубать ополченец
спортсмен спортсменка легкоатлет предолимпийский легкоатлетка олимпийский атлет соревнование легкоатлетический штангист дисквалифицировать тяжелоатлет прыгунья чемпионка лыжник
чело многонаселенный километр численность площадь население примерно промчаться двинуться обвалиться доживать разогнаться убито миля наводнение
первенство супертурнир победный чемпионство чемпионат суперкубок еврокубок рейтинговый суперлига суперфинал чемпионский ничья полуфинал чемпион матчбол
уголовный прокурорский госвласть прокуратура должностной облпрокуратура правонарушение выборный прокурор избирком горпрокуратура облизбирком процессуальный подследственный мосгорпрокуратура
