выборы оппозиция обама перевыборы довыборы провокация переголосовать митинговать голосование предвыборный
прозападный западноукраинский ближневосточный восточноевропейский запад пророссийский восточногерманский восточноазиатский восток незападный
блоггер соцсеть фейсбук лайтинг блогер твиттер интернетчик тинейджер плеймейкер клипмейкер
среднее маловодье водовозка комфортабельно высокогорье близлежащий дорогуша втридорога трясогузка среднедушевой
законодательно пошлинный правоприменительный законодательство ненатуральность ввозный лекарственный законодательный потребление законопослушность
мошенничество предбанкротный подследственный банкротство довершение недобросовестный выгодоприобретатель мошеннический обналичивание альфастрахование
джорджтаун джорджия британия американ америкэн бостон британо кенсингтон англия британец
думать поучить понимать поразмыслить думаться смыслить невзлюбить спорить поразмышлять мудрить
замначальник слесаренко слесарев чеботарев управдом начальник сухоруков главврач лысов обухов
поселянин хуторянин праведник власих архиерей избранник депутатство священник мещанин праведница
арманд камран комбатант генерал командос коммандос атан авиаэскадрилья балтфлот командор
инвестпрограмма инвестпроект инвестфонд стабфонд госбюджет биллиард профинансировать бюджет инвесткомпания бюджетник
бойница камелот волхонка булыжник воротца голубятня подворотня квадрига виселица коломяга
теляковский пискаревский чайковский хлебниковский лубянский красовский иннокентьевский самиздатовский пушкинский абрамцевский
сверхсветовой сверхточный светомаскировка светоносный фотометрический фотоэлемент броненосный прибор интерферометр магнитометр
доллар долли баррель гаррель годок миллиардерша поллард месяц ввп полмесяца
террорист дезертирство терроризм террор насилие террористический зверство насильственно террористка насилование
сентябрь май ноябрь октябрь февраль июнь август март апрель декабрь
методологический математический теоретический методология профобразование звездообразование методический кластеризация моделирование фундаментальный
размещение приложение водопользование контрпредложение электропакет подключение заправочный водопользователь конвертирование конвертация
