провокация обеспокоенно эскалация успокоенность лавров бряцать неприемлить кровопролитие агрессор приветствовать агрессия резюмировать пророссийски искренне
десантирование бомбометание стратофортресс противоштурмовой бомболюк торпедный бетонобойный противолодочный ракетоносный зенитный артиллерийский барражирование торпедоносец реактивный выброска
следствие доказанность недоказанный гособвинение виновный заведомо гособвинитель подсудимый инкриминировать хищение вина виновность подзащитный подсудимая взяткодатель
недомогание навещать повидаться забеременеть домой увидеться скончаться беременеть двадцатидевятилетний постель полугодовалый полуторагодовалый завтракать заболевать беременный
митинг довыборы облизбирком беспорядок митинговый милиция избирком оппозиционный митинговать оппозиционер говд увд антипрезидентский ровд антиправительственный
общекультурный культурологический методологический междисциплинарность поликультурный институциональный междисциплинарный социокультурный социальность общенаучный институционализация человековедение самоорганизация мифотворчество понятийный
кинобиография биографический кинопродюсер парадиз издательский соиздатель фикшн ансимов издательство документальный кинохудожник телеверсия книгоиздательство четырехсерийный киносценарист
капитализация доходность доллар триллион инфляция процентный прибыль долларовый волатильность ввп золотовалютный показатель котировка миллиард выручка
перформанс пижамный неоновый черепашонка постер карнавальный паутинка эротично киноафиша тапочка разрисовывать веночек цветастый глазастый купальник
потребление непищевой акциз продукт импортный госрегулирование розничный подакцизный трансжир негазированный ассортиментный газировать импорт этиловый госмонополия
пассажиропоток достройка запланировать мегаватт капвложение межправославный двухпроцентный кубометр всто строительство инвестпрограмма ожидаться прогнозироваться предкризисный реновация
выборы кандидатура выдвижение баллотирование выбор баллотировать избранный кандидат баллотироваться внутрипартийный переизбираться переизбраться переизбирать безальтернативный переизбрание
экспорт производитель экспортировать экспортироваться экспортный авиапроизводитель продукция концерн компания спецэкспортер импортировать поставка комплектовать дистрибутор рособоронэкспорт
чемпионат соревнование предолимпийский турнир четвертьфинальный полуфинальный сборная сборный первенство дисквалифицировать олимпиада чм матчевый легкоатлетический матч
клуб одноклубник затолкать ворот нападать заладиться хозяин забивать заиграть локо приглянуться крупно суперклуб форвард скамейка
исповедовать христианин белокожий денали мулатка рарак светлокожий туркать могущественный даманхур кениец индианка барствовать эпифаний населять
военнообязанный призывник лишенец льготник общегражданский постановлять иногородний рекрутский наказ депутат повинность многодетный удостоверение общеобязательный льгота
перемирие осуждение немедленный подстрекательство прекращение подстрекать укрывательство неподчинение противоборствующий свержение смертный нелояльный казнь репрессивный подстрекатель
информация видеосообщение автоответчик переадресовывать пользователь блог аккаунт незашифрованный радиосообщение рассылка распечатка взлом прослушивать анонимка хакер
обустройство техцентр паркинг инвентаризовать обустроиться благоустроенный машиноместо коттеджный близлежащий стройплощадка благоустраиваться автостоянка благоустраивать жилой изварин
