охладелый статуя замереть эрид флюоресцентный изваяние стробоскоп эротичный дефлорация нетренированный урна селенит обездвижить очистительный рарак
неосознанность религиоведческий казуальный общеправовой генерический критерий объективный субъективный недоказуемость апостериорный аксиология неприменимость психолингвистика объективизация уликовый
горводоканал муниципалитет мэрия перерегистрироваться муниципальный наймодатель госрегистрация мрэо горсовет горадминистрация доплата горизбирком взнос мэр депутат
иджис перенацеливание стратегический противокорабельный вооружение ракетный нестратегический противоспутниковый стрельбовый авиапром разновидовой противоракетный снв противообледенительный гиперзвуковой
деноминировать рубль кредиторский доход инвестированный доллар неденежный сумма неденоминированный дебиторский стоимость неналоговый годовой дисконтированный процент
рцнк ленэкспо выставка оргкомитет конкурс десятиборье май фестиваль паралимпиада юбилейный дегустационный сентябрь майнинг лауреат ноябрь
кинематографичный кино киноафиша тюзовский фильм сцена табачников экспрессионистский кинофильм частушечный дикторский радиопостановка мимино спектакль киноклассика
интернет фейсбук порносайт вконтакте мультяшка аккаунт сайт моссад пэйн англоязычный фбр паблик дайджест имейл ханга
акулин больной сутковый коковкина выздоравливать канатчиков мишенькин стуловый заболевать дареджан бибин запойно суткова поправляться сватковский
полтавец гультяев мартиненго чигринский джентри лоскутник храбрый хазбулат шаршавый соблазниться предводитель ораз трибун салтык езид
фасовочный высокоплотный газгольдер биотуалет экономкласс снегоуборщик автозапчасть металлоизделие продукция спорттовары паллет комбикормовый премикс новокуйбышевский машзавод
шаолиньский бросковый кикбоксинг айрон регби мяч бадминтон тренировка троеборье дриблинг лапта вратарский катаный слаживание прыгунья
акция обоюдовыгодный альянс реинвестирование недискриминационный миноритарный консолидация консолидироваться актив евросибэнерго вазиристан наступательный мобилизировать миноритария окологосударственный
конституционность опротестование постановление неконституционность отмена предъявление неотмененный приостановление обжалование пресекательный санкция неправомочность непредставление неподсудность доказанность
злоумышленница ахалцихе демонстрантка самарра кодыма сивак деблокирование надтеречный буйнакск старопромысловский ровеньки задержание говд погранпост бронетехника
мелвилл ихтиандра джоана боко флоренса лисабон карпиловский буянцев диодора симмонс пиацци пеленговать проболтаться гарман скиапарелли
апвеллинг палеогеновый тартарий аланский палеогеографический внутриконтинентальный промузел аридный климатически влагооборот трайбализм среднемноголетний плиоцен баренцевоморский полуколониальный
промосковский ультраконсервативный антимонархический рахбар закария соратник оппозиция идеолог малашенко вдохновитель шеварнадзе фашиствующий легойд кургинян политика
матч одноклубник анжи чемпионат еврокубок четвертьфинальный березуцкий пасьют суперлига сборная газзаев уралан бесчастных плейофф овертайм
ямаец галатасарай панатинаикос хапоэль автогол нигериец настас камерунец таиландец бразилец хоккеистка коффи винус еврокубок уникаха
