атлет легкоатлетка бегунья награда тяжелоатлет перепроверка яхтсмен легкоатлет посмертно парашютистка год мотин удостоверение арестовать допинг
соревнование ориентирование профорганизация общефизический координирование выявление первенство чемпионат антидопинговый межвузовский олимпиадный специализировать допинговый тренинговый командный
интернет провайдер сервис контент скидочный трафик пользователь рекламодатель внутрироссийский яндекс агрегатор видеосервис безлимитный подорожание монетизация
кумир блеснуть тенниска боготворить блистать неудачник бутс титуловать саночки обыгрывать любимый сыгрываться любимчик чемпионство чемпион
фотографичность читабельный вылизывание подсознательный запечатлевать вирши запечатлеваться чуждаться дорисовывать нашпиговывать помечать неаппетитный перелистывать брошюрка истолковывать
дискуссия неочевидный контрпродуктивно озабоченность предсказуемый контрпродуктивный неприемлемость нелогичный непредвзято исключать непредвзятый непредвзятость маловероятный неконструктивный непредсказуемый
выборы баллотирование баллотировать баллотироваться кандидатура переизбирать переизбрание перевыборы переизбраться выбор самовыдвижение парламентский переизбираться довыборы избраться
конфиденциальный полномочие разглашение рассекречивание инсайдерский рассекречивать неназначение отмывание засекречивание уполномочие обнародование неразглашение секретный финансы растрата
транспортировочный буксировочный навеска ремкомплект гранулированный негабаритный разгонка тритиевый негорючий карбинол газоочистка моечный водоотталкивающий быстросъемный газообразный
нападение ранить ранение убить перестрелять безоружный убитый перестрелка схватить угонщик линчевать смертник полицейский спецназовец террорист
этапирование пригов пальтишко кандалы карцер лузгать приговаривать чурбан гауптвахта виселица душегуб бичевание тунеядство приговариваться лоскутов
бюджетирование внебюджетный софинансирование госинвестиция неденежный инвестирование реинвестирование межбюджетный неналоговый подушевой субсидия самофинансирование благосостояние господдержка общеэкономический
прокуратура подследственная облпрокуратура подследственный подзащитный подзащитная следователь горсуд дознаватель судмедэкспертиза спецбольница зампрокурор следственный прокуратура потерпевший
дружественный демилитаризовать приграничный сопредельный невоенный союзничество разграничение налаживание союзнический разграничительный налаживать беспрепятственный многосторонний ближневосточный тесный
прогнозировать прогнозироваться опуститься промпроизводство рекордно среднесуточный прирост среднемировой среднемноголетний снижаться похолодеть полпроцент баррель прогноз похолодание
ополченческий ополченец дебальцево соприкосновение боевой махновец боеспособность артобстрел бандформирование махновщина обстрел ополчение замкомандующего боев донбасс
согласиться сделка судиться договориться отступное заплатить контракт тяжба аванс совладелец миноритарный иск расторжение трейд мьюзик
митинговать митинг погромить палаточный чистопрудный мэрия возле пикетировать манифестант милиция площадь демонстрант райсовет горсовет протестовать
хэппенинг длительность монтре равноденствие юлианский параграф продолжительность полноформатный франкоязычный широта двадцатиминутный лурд победный зальный двуязычный
проект радиостудия лавочкин проектировочный турбостроитель киноконцертный моторостроитель авиамоторный радиобашня двадцатиэтажный монтировочный проектироваться цпкио метрогипротранс монтировщик
