позабавить подмигивать высморкаться позабавиться разглядывать напяливать наворачивать гребаный прислонять помахивать запихивать перепугаться надоедливый дурачить накричать
уплачивать вычет предоплачивать авансовый выплачиваться уплачиваться госпошлина патентообладатель недоплачивать облагаться бюджетополучатель алиментный возмещаться беспроцентный оплата
межправительственный трансатлантический авиапромышленность денонсировать переориентация либерализация дальнемагистральный авиапром авиаперевозка авиапроизводитель сверхдержава межгосударственный экономический полугосударственный авиастроение
выборы баллотировать баллотироваться баллотирование выдвиженец переизбирать партия кандидат переизбираться избранный выдвижение беспартийный выбор пост переизбраться
артобстрел оккупировать перемирие депортировать ополченец дезертировать высылка укрываться боестолкновение пленение неподконтрольный казнить мятежник убитый ультиматум
внутринациональный недискриминационный ограничивать педалирование игнорирование недопустимый любой транспарентный саморегулирование маргинализация многовекторность регламентация неинформативный допускать понимание
развединформация разведслужба неназванный располагать спецслужба секретный неподтвержденный информация принадлежащий сверхсекретный расследователь разведсообщество разглашаться сведение конфиденциальный
чествовать всенародно чествоваться поселиться родной крестить жить переселиться гостить неженатый подарить годок овдоветь креститься гостеприимно
мероприятие театрализовать видеофильм кинолекторий кинопоказ организатор семинар фестиваль смотр перфоманс презентационный презентация флешмоб общешкольный тематический
апелляция обжаловать неотбытый обжалование дисквалификация апелляционный аппеляция приговор вынесение дисквалифицировать суд обжаловаться вердикт кассация кассационный
продтовары скатертный сувенирный витрина кожгалантерея металлоизделие конопляный палас гум пивзавод ликероводочный павильон кожзавод трикотажный калашный
капитализация инфляция ввп процент котировка полпроцент дешеветь девальвация подорожание безработица волатильность доходность подешеветь долларовый рост
биомасса быстротекущий морозоустойчивый сопочный ракушечный эродировать водонасыщенный гидротермальный эвкалиптовый слабосоленый добываться теплолюбивый ламинария загрязняться приповерхностный
софинансирование капитальный инвестпрограмма предпроектный проектировочный капстроительство сметный внебюджетный инвестпроект достройка проектный нижновэнерго генподрядчик минрегионразвитие строительство
матч встреча полуфинальный четвертьфинальный послематчевый раунд обменяться полуфинал четвертьфинал предсезонный финал евротур отыгрываться кряду кубок
противоборство противостоящий захватнический воинственно беспощадный непобедимость деморализация контрпартизанский противоборствовать враг воинственность самопожертвование вооружать братоубийственный беззаветный
спецтранспорт дозаправка рейсовый буксировочный буксировка дозаправляться приземление экипаж легкомоторный метеоусловия пассажир буксировщик посадка топливозаправщик катапультирование
схематический эфемерида сейсмограмма датирование послесвечение оглавление синоптический морфометрический монографический реферирование инициальный градуировка сигнатура магнитометр цитатный
уголовный подследственность дело следователь подследственный подсудимый инкриминировать виновность невиновный обвинять следствие виновный подследственная вменяемость соучастие
клуб телекомментатор футбольный тренер тренерский функционер директор спорткомитет учредитель администратор директорский команда директорство менеджер футбол
