неприемлемость согласительный обсуждение недопустимость дискуссия антиконституционный транспарентность солидаризация политизация транспарентный нелегитимность демарш оппонирование правомочность неполитический
законодательный двухпалатный выборность упразднять федерация самоуправление упраздняться госслужба законодательно судоустройство представительный законотворческий госстандарт коллегиально коллегиальный
проектирование аванпроект эскизный проектировочный проектироваться перепроектировать макетный запроектировать проработка сверхдальний достройка проектировка расконсервация эскизно термоядерный
биографический архивный архив библиография библиографический госархив публиковаться ежегодник краеведение общедоступный издательский искусствознание подборка фотоархив заметка
оклеветать съязвить помиловать баллотировать поладить сожалеть клеветать баллотироваться неизбранный однопартиец предательство переизбраться неизбрание стерпеться помилование
клип перфоманс видеоинсталляция киноафиша видеоклип перформанс киноальманах шоу фестивальный вернисаж видеоряд феерия сцена театралка киноновелла
дисквалифицировать дисквалифицироваться дисквалификация чемпионат сборный квалифицироваться сборная четвертьфинальный матч чемпион турнир полуфинальный допинговый допинг юниорский
полароид фаллоимитатор чернильный вклеивать отсканировать авторучка ярлычок брелок приклеивать мастурбировать вставлять молокоотсос снимочек фломастер шкафчик
следство облпрокуратура уголовный хищение следователь горпрокуратура инкриминироваться следственный инкриминировать фигурант расследоваться оперуполномоченный растрата прокуратура угрозыск
инфляция среднедушевой ввп недополучать процентный дефицитность недополучение волатильность подорожание недополученный девальвационный дефицит снижение рубль цена
террор ненасильственный радикализация террористический антиправительственный инакомыслящий инакомыслие воинствующий экстремист карательный исламизация терроризм антикоммунистический репрессивный исламистский
год поселиться торжественно сотбис национализировать подарить всемирно фешенебельный гостить обвенчаться драгоценность резиденция двухсотлетие знаменитый весновать
госпошлина штраф неоплаченный неуплаченный заплатить рассрочка залогодатель пользование безлимитный взимать абонент переоформлять обеспечительный оплата заявитель
диверсифицировать портфельный конкурент консолидировать прибыльность сверхприбыльный холдинговый капитализация конкурентоспособный прибыльный прибыльно капиталец инвесткомпания транснациональный вложиться
авиация вертолетчик авианаводчик ввс спецсамолет бомбардировщик авиагруппа авиабаза разведывательный самолето авиаразведка авиапорт авиачасть барражировать беспилотник
продукция нефтепродуктообеспечение реэкспорт ввоз поставлять скоропортящийся отгружать поставка фитосанитарный складирование россельхознадзор непищевой трубопроводный сельхозпродукция продтовары
любопытствовать обступать изваляться прохаживаться глядеться попрятаться чертыхаться посторониться разбредаться посреди нахрапистый слоняться столпиться любоваться толпиться
пройти полуночь утро суббота воскресение полчаса февраль госпитализировать состояться инаугурация довыборы митинговать вечер митинг январь
разброс разгонка высокоэнергетический приповерхностный килотонна приводняться карбинол летучесть энерговыделение ионизированный дейтериевый микрометр плавление мегатонна альбедо
доблесть воин чортик канонир копьеносец сабля доблестно артбригада черевик щитоносец латник черноморец кокарда семисвечник пядь
